[6.658s] Invoking command in '/home/ros/ros2_ws/src/vision_sorting': DEBUGINFOD_URLS=https://debuginfod.ubuntu.com PYTHONPATH=/home/ros/ros2_ws/build/vision_sorting/prefix_override:/usr/lib/python3/dist-packages/colcon_core/task/python/colcon_distutils_commands:/home/ros/ros2_ws/install/vision_sorting/lib/python3.12/site-packages:${PYTHONPATH} /usr/bin/python3 -W ignore:setup.py install is deprecated -W ignore:easy_install command is deprecated setup.py egg_info --egg-base ../../build/vision_sorting build --build-base /home/ros/ros2_ws/build/vision_sorting/build install --record /home/ros/ros2_ws/build/vision_sorting/install.log --single-version-externally-managed install_data
[8.479s] running egg_info
[8.647s] writing ../../build/vision_sorting/vision_sorting.egg-info/PKG-INFO
[8.659s] writing dependency_links to ../../build/vision_sorting/vision_sorting.egg-info/dependency_links.txt
[8.660s] writing entry points to ../../build/vision_sorting/vision_sorting.egg-info/entry_points.txt
[8.663s] writing requirements to ../../build/vision_sorting/vision_sorting.egg-info/requires.txt
[8.663s] writing top-level names to ../../build/vision_sorting/vision_sorting.egg-info/top_level.txt
[8.941s] reading manifest file '../../build/vision_sorting/vision_sorting.egg-info/SOURCES.txt'
[8.948s] adding license file 'LICENSE'
[8.949s] writing manifest file '../../build/vision_sorting/vision_sorting.egg-info/SOURCES.txt'
[8.949s] running build
[8.949s] running build_py
[8.957s] copying vision_sorting/vision_node.py -> /home/ros/ros2_ws/build/vision_sorting/build/lib/vision_sorting
[8.957s] running install
[8.984s] running install_lib
[9.132s] copying /home/ros/ros2_ws/build/vision_sorting/build/lib/vision_sorting/vision_node.py -> /home/ros/ros2_ws/install/vision_sorting/lib/python3.12/site-packages/vision_sorting
[9.139s] byte-compiling /home/ros/ros2_ws/install/vision_sorting/lib/python3.12/site-packages/vision_sorting/vision_node.py to vision_node.cpython-312.pyc
[9.148s] running install_data
[9.152s] running install_egg_info
[9.262s] removing '/home/ros/ros2_ws/install/vision_sorting/lib/python3.12/site-packages/vision_sorting-0.0.0-py3.12.egg-info' (and everything under it)
[9.264s] Copying ../../build/vision_sorting/vision_sorting.egg-info to /home/ros/ros2_ws/install/vision_sorting/lib/python3.12/site-packages/vision_sorting-0.0.0-py3.12.egg-info
[9.273s] running install_scripts
[10.675s] Installing detection_listener script to /home/ros/ros2_ws/install/vision_sorting/lib/vision_sorting
[10.676s] Installing image_publisher script to /home/ros/ros2_ws/install/vision_sorting/lib/vision_sorting
[10.680s] Installing image_subscriber script to /home/ros/ros2_ws/install/vision_sorting/lib/vision_sorting
[10.682s] Installing target_3d_estimator script to /home/ros/ros2_ws/install/vision_sorting/lib/vision_sorting
[10.683s] Installing target_selector script to /home/ros/ros2_ws/install/vision_sorting/lib/vision_sorting
[10.684s] Installing test_node script to /home/ros/ros2_ws/install/vision_sorting/lib/vision_sorting
[10.688s] Installing vision_node script to /home/ros/ros2_ws/install/vision_sorting/lib/vision_sorting
[10.690s] writing list of installed files to '/home/ros/ros2_ws/build/vision_sorting/install.log'
[10.906s] Invoked command in '/home/ros/ros2_ws/src/vision_sorting' returned '0': DEBUGINFOD_URLS=https://debuginfod.ubuntu.com PYTHONPATH=/home/ros/ros2_ws/build/vision_sorting/prefix_override:/usr/lib/python3/dist-packages/colcon_core/task/python/colcon_distutils_commands:/home/ros/ros2_ws/install/vision_sorting/lib/python3.12/site-packages:${PYTHONPATH} /usr/bin/python3 -W ignore:setup.py install is deprecated -W ignore:easy_install command is deprecated setup.py egg_info --egg-base ../../build/vision_sorting build --build-base /home/ros/ros2_ws/build/vision_sorting/build install --record /home/ros/ros2_ws/build/vision_sorting/install.log --single-version-externally-managed install_data
