[0.560s] DEBUG:colcon:Command line arguments: ['/usr/bin/colcon', 'build']
[0.560s] DEBUG:colcon:Parsed command line arguments: Namespace(log_base=None, log_level=None, verb_name='build', build_base='build', install_base='install', merge_install=False, symlink_install=False, test_result_base=None, continue_on_error=False, executor='parallel', parallel_workers=3, event_handlers=None, ignore_user_meta=False, metas=['./colcon.meta'], base_paths=['.'], packages_ignore=None, packages_ignore_regex=None, paths=None, packages_up_to=None, packages_up_to_regex=None, packages_above=None, packages_above_and_dependencies=None, packages_above_depth=None, packages_select_by_dep=None, packages_skip_by_dep=None, packages_skip_up_to=None, packages_select_build_failed=False, packages_skip_build_finished=False, packages_select_test_failures=False, packages_skip_test_passed=False, packages_select=None, packages_skip=None, packages_select_regex=None, packages_skip_regex=None, packages_start=None, packages_end=None, allow_overriding=[], cmake_args=None, cmake_target=None, cmake_target_skip_unavailable=False, cmake_clean_cache=False, cmake_clean_first=False, cmake_force_configure=False, ament_cmake_args=None, catkin_cmake_args=None, catkin_skip_building_tests=False, verb_parser=<colcon_defaults.argument_parser.defaults.DefaultArgumentsDecorator object at 0x7e743aa23d40>, verb_extension=<colcon_core.verb.build.BuildVerb object at 0x7e743abf3dd0>, main=<bound method BuildVerb.main of <colcon_core.verb.build.BuildVerb object at 0x7e743abf3dd0>>)
[0.930s] Level 1:colcon.colcon_core.package_discovery:discover_packages(colcon_meta) check parameters
[0.934s] Level 1:colcon.colcon_core.package_discovery:discover_packages(recursive) check parameters
[0.934s] Level 1:colcon.colcon_core.package_discovery:discover_packages(ignore) check parameters
[0.934s] Level 1:colcon.colcon_core.package_discovery:discover_packages(path) check parameters
[0.934s] Level 1:colcon.colcon_core.package_discovery:discover_packages(colcon_meta) discover
[0.935s] Level 1:colcon.colcon_core.package_discovery:discover_packages(recursive) discover
[0.935s] INFO:colcon.colcon_core.package_discovery:Crawling recursively for packages in '/home/ros/ros2_ws'
[0.935s] Level 1:colcon.colcon_core.package_identification:_identify(.) by extensions ['ignore', 'ignore_ament_install']
[0.936s] Level 1:colcon.colcon_core.package_identification:_identify(.) by extension 'ignore'
[0.937s] Level 1:colcon.colcon_core.package_identification:_identify(.) by extension 'ignore_ament_install'
[0.937s] Level 1:colcon.colcon_core.package_identification:_identify(.) by extensions ['colcon_pkg']
[0.938s] Level 1:colcon.colcon_core.package_identification:_identify(.) by extension 'colcon_pkg'
[0.939s] Level 1:colcon.colcon_core.package_identification:_identify(.) by extensions ['colcon_meta']
[0.939s] Level 1:colcon.colcon_core.package_identification:_identify(.) by extension 'colcon_meta'
[0.939s] Level 1:colcon.colcon_core.package_identification:_identify(.) by extensions ['ros']
[0.939s] Level 1:colcon.colcon_core.package_identification:_identify(.) by extension 'ros'
[1.132s] Level 1:colcon.colcon_core.package_identification:_identify(.) by extensions ['cmake', 'python']
[1.132s] Level 1:colcon.colcon_core.package_identification:_identify(.) by extension 'cmake'
[1.132s] Level 1:colcon.colcon_core.package_identification:_identify(.) by extension 'python'
[1.133s] Level 1:colcon.colcon_core.package_identification:_identify(.) by extensions ['python_setup_py']
[1.134s] Level 1:colcon.colcon_core.package_identification:_identify(.) by extension 'python_setup_py'
[1.135s] Level 1:colcon.colcon_core.package_identification:_identify(build) by extensions ['ignore', 'ignore_ament_install']
[1.136s] Level 1:colcon.colcon_core.package_identification:_identify(build) by extension 'ignore'
[1.138s] Level 1:colcon.colcon_core.package_identification:_identify(build) ignored
[1.139s] Level 1:colcon.colcon_core.package_identification:_identify(install) by extensions ['ignore', 'ignore_ament_install']
[1.139s] Level 1:colcon.colcon_core.package_identification:_identify(install) by extension 'ignore'
[1.140s] Level 1:colcon.colcon_core.package_identification:_identify(install) ignored
[1.140s] Level 1:colcon.colcon_core.package_identification:_identify(log) by extensions ['ignore', 'ignore_ament_install']
[1.141s] Level 1:colcon.colcon_core.package_identification:_identify(log) by extension 'ignore'
[1.141s] Level 1:colcon.colcon_core.package_identification:_identify(log) ignored
[1.141s] Level 1:colcon.colcon_core.package_identification:_identify(src) by extensions ['ignore', 'ignore_ament_install']
[1.141s] Level 1:colcon.colcon_core.package_identification:_identify(src) by extension 'ignore'
[1.141s] Level 1:colcon.colcon_core.package_identification:_identify(src) by extension 'ignore_ament_install'
[1.141s] Level 1:colcon.colcon_core.package_identification:_identify(src) by extensions ['colcon_pkg']
[1.141s] Level 1:colcon.colcon_core.package_identification:_identify(src) by extension 'colcon_pkg'
[1.141s] Level 1:colcon.colcon_core.package_identification:_identify(src) by extensions ['colcon_meta']
[1.141s] Level 1:colcon.colcon_core.package_identification:_identify(src) by extension 'colcon_meta'
[1.142s] Level 1:colcon.colcon_core.package_identification:_identify(src) by extensions ['ros']
[1.142s] Level 1:colcon.colcon_core.package_identification:_identify(src) by extension 'ros'
[1.142s] Level 1:colcon.colcon_core.package_identification:_identify(src) by extensions ['cmake', 'python']
[1.142s] Level 1:colcon.colcon_core.package_identification:_identify(src) by extension 'cmake'
[1.142s] Level 1:colcon.colcon_core.package_identification:_identify(src) by extension 'python'
[1.142s] Level 1:colcon.colcon_core.package_identification:_identify(src) by extensions ['python_setup_py']
[1.142s] Level 1:colcon.colcon_core.package_identification:_identify(src) by extension 'python_setup_py'
[1.142s] Level 1:colcon.colcon_core.package_identification:_identify(src/vision_sorting) by extensions ['ignore', 'ignore_ament_install']
[1.142s] Level 1:colcon.colcon_core.package_identification:_identify(src/vision_sorting) by extension 'ignore'
[1.143s] Level 1:colcon.colcon_core.package_identification:_identify(src/vision_sorting) by extension 'ignore_ament_install'
[1.143s] Level 1:colcon.colcon_core.package_identification:_identify(src/vision_sorting) by extensions ['colcon_pkg']
[1.143s] Level 1:colcon.colcon_core.package_identification:_identify(src/vision_sorting) by extension 'colcon_pkg'
[1.143s] Level 1:colcon.colcon_core.package_identification:_identify(src/vision_sorting) by extensions ['colcon_meta']
[1.143s] Level 1:colcon.colcon_core.package_identification:_identify(src/vision_sorting) by extension 'colcon_meta'
[1.143s] Level 1:colcon.colcon_core.package_identification:_identify(src/vision_sorting) by extensions ['ros']
[1.143s] Level 1:colcon.colcon_core.package_identification:_identify(src/vision_sorting) by extension 'ros'
[1.160s] DEBUG:colcon.colcon_core.package_identification:Package 'src/vision_sorting' with type 'ros.ament_python' and name 'vision_sorting'
[1.163s] Level 1:colcon.colcon_core.package_identification:_identify(test_data) by extensions ['ignore', 'ignore_ament_install']
[1.164s] Level 1:colcon.colcon_core.package_identification:_identify(test_data) by extension 'ignore'
[1.166s] Level 1:colcon.colcon_core.package_identification:_identify(test_data) by extension 'ignore_ament_install'
[1.167s] Level 1:colcon.colcon_core.package_identification:_identify(test_data) by extensions ['colcon_pkg']
[1.167s] Level 1:colcon.colcon_core.package_identification:_identify(test_data) by extension 'colcon_pkg'
[1.167s] Level 1:colcon.colcon_core.package_identification:_identify(test_data) by extensions ['colcon_meta']
[1.167s] Level 1:colcon.colcon_core.package_identification:_identify(test_data) by extension 'colcon_meta'
[1.167s] Level 1:colcon.colcon_core.package_identification:_identify(test_data) by extensions ['ros']
[1.167s] Level 1:colcon.colcon_core.package_identification:_identify(test_data) by extension 'ros'
[1.167s] Level 1:colcon.colcon_core.package_identification:_identify(test_data) by extensions ['cmake', 'python']
[1.168s] Level 1:colcon.colcon_core.package_identification:_identify(test_data) by extension 'cmake'
[1.168s] Level 1:colcon.colcon_core.package_identification:_identify(test_data) by extension 'python'
[1.168s] Level 1:colcon.colcon_core.package_identification:_identify(test_data) by extensions ['python_setup_py']
[1.168s] Level 1:colcon.colcon_core.package_identification:_identify(test_data) by extension 'python_setup_py'
[1.168s] Level 1:colcon.colcon_core.package_discovery:discover_packages(recursive) using defaults
[1.168s] Level 1:colcon.colcon_core.package_discovery:discover_packages(ignore) discover
[1.168s] Level 1:colcon.colcon_core.package_discovery:discover_packages(ignore) using defaults
[1.168s] Level 1:colcon.colcon_core.package_discovery:discover_packages(path) discover
[1.168s] Level 1:colcon.colcon_core.package_discovery:discover_packages(path) using defaults
[1.301s] Level 1:colcon.colcon_core.package_discovery:discover_packages(prefix_path) check parameters
[1.301s] Level 1:colcon.colcon_core.package_discovery:discover_packages(prefix_path) discover
[1.324s] DEBUG:colcon.colcon_installed_package_information.package_discovery:Found 1 installed packages in /home/ros/ros2_ws/install
[1.335s] DEBUG:colcon.colcon_installed_package_information.package_discovery:Found 287 installed packages in /opt/ros/jazzy
[1.337s] Level 1:colcon.colcon_core.package_discovery:discover_packages(prefix_path) using defaults
[1.497s] Level 5:colcon.colcon_core.verb:set package 'vision_sorting' build argument 'cmake_args' from command line to 'None'
[1.497s] Level 5:colcon.colcon_core.verb:set package 'vision_sorting' build argument 'cmake_target' from command line to 'None'
[1.497s] Level 5:colcon.colcon_core.verb:set package 'vision_sorting' build argument 'cmake_target_skip_unavailable' from command line to 'False'
[1.497s] Level 5:colcon.colcon_core.verb:set package 'vision_sorting' build argument 'cmake_clean_cache' from command line to 'False'
[1.498s] Level 5:colcon.colcon_core.verb:set package 'vision_sorting' build argument 'cmake_clean_first' from command line to 'False'
[1.498s] Level 5:colcon.colcon_core.verb:set package 'vision_sorting' build argument 'cmake_force_configure' from command line to 'False'
[1.498s] Level 5:colcon.colcon_core.verb:set package 'vision_sorting' build argument 'ament_cmake_args' from command line to 'None'
[1.498s] Level 5:colcon.colcon_core.verb:set package 'vision_sorting' build argument 'catkin_cmake_args' from command line to 'None'
[1.498s] Level 5:colcon.colcon_core.verb:set package 'vision_sorting' build argument 'catkin_skip_building_tests' from command line to 'False'
[1.498s] DEBUG:colcon.colcon_core.verb:Building package 'vision_sorting' with the following arguments: {'ament_cmake_args': None, 'build_base': '/home/ros/ros2_ws/build/vision_sorting', 'catkin_cmake_args': None, 'catkin_skip_building_tests': False, 'cmake_args': None, 'cmake_clean_cache': False, 'cmake_clean_first': False, 'cmake_force_configure': False, 'cmake_target': None, 'cmake_target_skip_unavailable': False, 'install_base': '/home/ros/ros2_ws/install/vision_sorting', 'merge_install': False, 'path': '/home/ros/ros2_ws/src/vision_sorting', 'symlink_install': False, 'test_result_base': None}
[1.498s] INFO:colcon.colcon_core.executor:Executing jobs using 'parallel' executor
[1.499s] DEBUG:colcon.colcon_parallel_executor.executor.parallel:run_until_complete
[1.499s] INFO:colcon.colcon_ros.task.ament_python.build:Building ROS package in '/home/ros/ros2_ws/src/vision_sorting' with build type 'ament_python'
[1.500s] Level 1:colcon.colcon_core.shell:create_environment_hook('vision_sorting', 'ament_prefix_path')
[1.520s] INFO:colcon.colcon_core.plugin_system:Skipping extension 'colcon_core.shell.bat': Not used on non-Windows systems
[1.521s] INFO:colcon.colcon_core.shell:Creating environment hook '/home/ros/ros2_ws/install/vision_sorting/share/vision_sorting/hook/ament_prefix_path.ps1'
[1.523s] INFO:colcon.colcon_core.shell:Creating environment descriptor '/home/ros/ros2_ws/install/vision_sorting/share/vision_sorting/hook/ament_prefix_path.dsv'
[1.524s] INFO:colcon.colcon_core.shell:Creating environment hook '/home/ros/ros2_ws/install/vision_sorting/share/vision_sorting/hook/ament_prefix_path.sh'
[1.525s] INFO:colcon.colcon_core.shell:Skip shell extension 'powershell' for command environment: Not usable outside of PowerShell
[1.525s] DEBUG:colcon.colcon_core.shell:Skip shell extension 'dsv' for command environment
[1.928s] INFO:colcon.colcon_core.task.python.build:Building Python package in '/home/ros/ros2_ws/src/vision_sorting'
[1.929s] INFO:colcon.colcon_core.shell:Skip shell extension 'powershell' for command environment: Not usable outside of PowerShell
[1.929s] DEBUG:colcon.colcon_core.shell:Skip shell extension 'dsv' for command environment
[3.478s] DEBUG:colcon.colcon_core.event_handler.log_command:Invoking command in '/home/ros/ros2_ws/src/vision_sorting': DEBUGINFOD_URLS=https://debuginfod.ubuntu.com PYTHONPATH=/home/ros/ros2_ws/build/vision_sorting/prefix_override:/usr/lib/python3/dist-packages/colcon_core/task/python/colcon_distutils_commands:/home/ros/ros2_ws/install/vision_sorting/lib/python3.12/site-packages:${PYTHONPATH} /usr/bin/python3 -W ignore:setup.py install is deprecated -W ignore:easy_install command is deprecated setup.py egg_info --egg-base ../../build/vision_sorting build --build-base /home/ros/ros2_ws/build/vision_sorting/build install --record /home/ros/ros2_ws/build/vision_sorting/install.log --single-version-externally-managed install_data
[4.488s] DEBUG:colcon.colcon_core.event_handler.log_command:Invoked command in '/home/ros/ros2_ws/src/vision_sorting' returned '0': DEBUGINFOD_URLS=https://debuginfod.ubuntu.com PYTHONPATH=/home/ros/ros2_ws/build/vision_sorting/prefix_override:/usr/lib/python3/dist-packages/colcon_core/task/python/colcon_distutils_commands:/home/ros/ros2_ws/install/vision_sorting/lib/python3.12/site-packages:${PYTHONPATH} /usr/bin/python3 -W ignore:setup.py install is deprecated -W ignore:easy_install command is deprecated setup.py egg_info --egg-base ../../build/vision_sorting build --build-base /home/ros/ros2_ws/build/vision_sorting/build install --record /home/ros/ros2_ws/build/vision_sorting/install.log --single-version-externally-managed install_data
[4.500s] Level 1:colcon.colcon_core.environment:checking '/home/ros/ros2_ws/install/vision_sorting' for CMake module files
[4.501s] Level 1:colcon.colcon_core.environment:checking '/home/ros/ros2_ws/install/vision_sorting' for CMake config files
[4.501s] Level 1:colcon.colcon_core.environment:checking '/home/ros/ros2_ws/install/vision_sorting/lib'
[4.502s] Level 1:colcon.colcon_core.environment:checking '/home/ros/ros2_ws/install/vision_sorting/bin'
[4.502s] Level 1:colcon.colcon_core.environment:checking '/home/ros/ros2_ws/install/vision_sorting/lib/pkgconfig/vision_sorting.pc'
[4.502s] Level 1:colcon.colcon_core.environment:checking '/home/ros/ros2_ws/install/vision_sorting/lib/python3.12/site-packages'
[4.502s] Level 1:colcon.colcon_core.shell:create_environment_hook('vision_sorting', 'pythonpath')
[4.502s] INFO:colcon.colcon_core.shell:Creating environment hook '/home/ros/ros2_ws/install/vision_sorting/share/vision_sorting/hook/pythonpath.ps1'
[4.503s] INFO:colcon.colcon_core.shell:Creating environment descriptor '/home/ros/ros2_ws/install/vision_sorting/share/vision_sorting/hook/pythonpath.dsv'
[4.503s] INFO:colcon.colcon_core.shell:Creating environment hook '/home/ros/ros2_ws/install/vision_sorting/share/vision_sorting/hook/pythonpath.sh'
[4.504s] Level 1:colcon.colcon_core.environment:checking '/home/ros/ros2_ws/install/vision_sorting/bin'
[4.505s] Level 1:colcon.colcon_core.environment:create_environment_scripts_only(vision_sorting)
[4.505s] INFO:colcon.colcon_core.shell:Creating package script '/home/ros/ros2_ws/install/vision_sorting/share/vision_sorting/package.ps1'
[4.507s] INFO:colcon.colcon_core.shell:Creating package descriptor '/home/ros/ros2_ws/install/vision_sorting/share/vision_sorting/package.dsv'
[4.509s] INFO:colcon.colcon_core.shell:Creating package script '/home/ros/ros2_ws/install/vision_sorting/share/vision_sorting/package.sh'
[4.511s] INFO:colcon.colcon_core.shell:Creating package script '/home/ros/ros2_ws/install/vision_sorting/share/vision_sorting/package.bash'
[4.514s] INFO:colcon.colcon_core.shell:Creating package script '/home/ros/ros2_ws/install/vision_sorting/share/vision_sorting/package.zsh'
[4.516s] Level 1:colcon.colcon_core.environment:create_file_with_runtime_dependencies(/home/ros/ros2_ws/install/vision_sorting/share/colcon-core/packages/vision_sorting)
[4.517s] DEBUG:colcon.colcon_parallel_executor.executor.parallel:closing loop
[4.518s] DEBUG:colcon.colcon_parallel_executor.executor.parallel:loop closed
[4.518s] DEBUG:colcon.colcon_parallel_executor.executor.parallel:run_until_complete finished with '0'
[4.518s] DEBUG:colcon.colcon_core.event_reactor:joining thread
[4.562s] INFO:colcon.colcon_core.plugin_system:Skipping extension 'colcon_notification.desktop_notification.terminal_notifier': Not used on non-Darwin systems
[4.563s] INFO:colcon.colcon_core.plugin_system:Skipping extension 'colcon_notification.desktop_notification.win32': Not used on non-Windows systems
[4.563s] INFO:colcon.colcon_notification.desktop_notification:Sending desktop notification using 'notify2'
[4.754s] DEBUG:colcon.colcon_core.event_reactor:joined thread
[4.755s] INFO:colcon.colcon_core.shell:Creating prefix script '/home/ros/ros2_ws/install/local_setup.ps1'
[4.757s] INFO:colcon.colcon_core.shell:Creating prefix util module '/home/ros/ros2_ws/install/_local_setup_util_ps1.py'
[4.760s] INFO:colcon.colcon_core.shell:Creating prefix chain script '/home/ros/ros2_ws/install/setup.ps1'
[4.763s] INFO:colcon.colcon_core.shell:Creating prefix script '/home/ros/ros2_ws/install/local_setup.sh'
[4.765s] INFO:colcon.colcon_core.shell:Creating prefix util module '/home/ros/ros2_ws/install/_local_setup_util_sh.py'
[4.768s] INFO:colcon.colcon_core.shell:Creating prefix chain script '/home/ros/ros2_ws/install/setup.sh'
[4.776s] INFO:colcon.colcon_core.shell:Creating prefix script '/home/ros/ros2_ws/install/local_setup.bash'
[4.777s] INFO:colcon.colcon_core.shell:Creating prefix chain script '/home/ros/ros2_ws/install/setup.bash'
[4.780s] INFO:colcon.colcon_core.shell:Creating prefix script '/home/ros/ros2_ws/install/local_setup.zsh'
[4.782s] INFO:colcon.colcon_core.shell:Creating prefix chain script '/home/ros/ros2_ws/install/setup.zsh'
