[1.841s] Invoking command in '/home/ros/ros2_ws/src/vision_sorting': DEBUGINFOD_URLS=https://debuginfod.ubuntu.com PYTHONPATH=/home/ros/ros2_ws/build/vision_sorting/prefix_override:/usr/lib/python3/dist-packages/colcon_core/task/python/colcon_distutils_commands:/home/ros/ros2_ws/install/vision_sorting/lib/python3.12/site-packages:${PYTHONPATH} /usr/bin/python3 -W ignore:setup.py install is deprecated -W ignore:easy_install command is deprecated setup.py egg_info --egg-base ../../build/vision_sorting build --build-base /home/ros/ros2_ws/build/vision_sorting/build install --record /home/ros/ros2_ws/build/vision_sorting/install.log --single-version-externally-managed install_data
[2.347s] running egg_info
[2.381s] writing ../../build/vision_sorting/vision_sorting.egg-info/PKG-INFO
[2.381s] writing dependency_links to ../../build/vision_sorting/vision_sorting.egg-info/dependency_links.txt
[2.382s] writing entry points to ../../build/vision_sorting/vision_sorting.egg-info/entry_points.txt
[2.382s] writing requirements to ../../build/vision_sorting/vision_sorting.egg-info/requires.txt
[2.382s] writing top-level names to ../../build/vision_sorting/vision_sorting.egg-info/top_level.txt
[2.458s] reading manifest file '../../build/vision_sorting/vision_sorting.egg-info/SOURCES.txt'
[2.459s] adding license file 'LICENSE'
[2.461s] writing manifest file '../../build/vision_sorting/vision_sorting.egg-info/SOURCES.txt'
[2.462s] running build
[2.462s] running build_py
[2.464s] copying vision_sorting/vision_node.py -> /home/ros/ros2_ws/build/vision_sorting/build/lib/vision_sorting
[2.464s] running install
[2.473s] running install_lib
[2.505s] copying /home/ros/ros2_ws/build/vision_sorting/build/lib/vision_sorting/vision_node.py -> /home/ros/ros2_ws/install/vision_sorting/lib/python3.12/site-packages/vision_sorting
[2.508s] byte-compiling /home/ros/ros2_ws/install/vision_sorting/lib/python3.12/site-packages/vision_sorting/vision_node.py to vision_node.cpython-312.pyc
[2.510s] running install_data
[2.512s] running install_egg_info
[2.552s] removing '/home/ros/ros2_ws/install/vision_sorting/lib/python3.12/site-packages/vision_sorting-0.0.0-py3.12.egg-info' (and everything under it)
[2.553s] Copying ../../build/vision_sorting/vision_sorting.egg-info to /home/ros/ros2_ws/install/vision_sorting/lib/python3.12/site-packages/vision_sorting-0.0.0-py3.12.egg-info
[2.557s] running install_scripts
[2.782s] Installing detection_listener script to /home/ros/ros2_ws/install/vision_sorting/lib/vision_sorting
[2.783s] Installing image_publisher script to /home/ros/ros2_ws/install/vision_sorting/lib/vision_sorting
[2.784s] Installing image_subscriber script to /home/ros/ros2_ws/install/vision_sorting/lib/vision_sorting
[2.784s] Installing test_node script to /home/ros/ros2_ws/install/vision_sorting/lib/vision_sorting
[2.784s] Installing vision_node script to /home/ros/ros2_ws/install/vision_sorting/lib/vision_sorting
[2.785s] writing list of installed files to '/home/ros/ros2_ws/build/vision_sorting/install.log'
[2.854s] Invoked command in '/home/ros/ros2_ws/src/vision_sorting' returned '0': DEBUGINFOD_URLS=https://debuginfod.ubuntu.com PYTHONPATH=/home/ros/ros2_ws/build/vision_sorting/prefix_override:/usr/lib/python3/dist-packages/colcon_core/task/python/colcon_distutils_commands:/home/ros/ros2_ws/install/vision_sorting/lib/python3.12/site-packages:${PYTHONPATH} /usr/bin/python3 -W ignore:setup.py install is deprecated -W ignore:easy_install command is deprecated setup.py egg_info --egg-base ../../build/vision_sorting build --build-base /home/ros/ros2_ws/build/vision_sorting/build install --record /home/ros/ros2_ws/build/vision_sorting/install.log --single-version-externally-managed install_data
