[1.338s] Invoking command in '/home/ros/ros2_ws/src/vision_sorting': DEBUGINFOD_URLS=https://debuginfod.ubuntu.com PS1=\[\e]0;\u@\h: \w\a\]${debian_chroot:+($debian_chroot)}\[\033[01;32m\]\u@\h\[\033[00m\]:\[\033[01;34m\]\w\[\033[00m\]\$ PYTHONPATH=/home/ros/ros2_ws/build/vision_sorting/prefix_override:/usr/lib/python3/dist-packages/colcon_core/task/python/colcon_distutils_commands:/home/ros/ros2_ws/install/vision_sorting/lib/python3.12/site-packages:${PYTHONPATH} /usr/bin/python3 -W ignore:setup.py install is deprecated -W ignore:easy_install command is deprecated setup.py egg_info --egg-base ../../build/vision_sorting build --build-base /home/ros/ros2_ws/build/vision_sorting/build install --record /home/ros/ros2_ws/build/vision_sorting/install.log --single-version-externally-managed install_data
[1.865s] running egg_info
[1.899s] creating ../../build/vision_sorting/vision_sorting.egg-info
[1.899s] writing ../../build/vision_sorting/vision_sorting.egg-info/PKG-INFO
[1.900s] writing dependency_links to ../../build/vision_sorting/vision_sorting.egg-info/dependency_links.txt
[1.900s] writing entry points to ../../build/vision_sorting/vision_sorting.egg-info/entry_points.txt
[1.900s] writing requirements to ../../build/vision_sorting/vision_sorting.egg-info/requires.txt
[1.901s] writing top-level names to ../../build/vision_sorting/vision_sorting.egg-info/top_level.txt
[1.901s] writing manifest file '../../build/vision_sorting/vision_sorting.egg-info/SOURCES.txt'
[1.986s] reading manifest file '../../build/vision_sorting/vision_sorting.egg-info/SOURCES.txt'
[1.986s] adding license file 'LICENSE'
[1.988s] writing manifest file '../../build/vision_sorting/vision_sorting.egg-info/SOURCES.txt'
[1.989s] running build
[1.989s] running build_py
[1.989s] creating /home/ros/ros2_ws/build/vision_sorting/build/lib/vision_sorting
[1.990s] copying vision_sorting/__init__.py -> /home/ros/ros2_ws/build/vision_sorting/build/lib/vision_sorting
[1.990s] copying vision_sorting/vision_node.py -> /home/ros/ros2_ws/build/vision_sorting/build/lib/vision_sorting
[1.992s] copying vision_sorting/test_node.py -> /home/ros/ros2_ws/build/vision_sorting/build/lib/vision_sorting
[1.993s] copying vision_sorting/image_subscriber.py -> /home/ros/ros2_ws/build/vision_sorting/build/lib/vision_sorting
[1.994s] copying vision_sorting/image_publisher.py -> /home/ros/ros2_ws/build/vision_sorting/build/lib/vision_sorting
[1.994s] running install
[2.001s] running install_lib
[2.048s] creating /home/ros/ros2_ws/install/vision_sorting/lib/python3.12/site-packages/vision_sorting
[2.048s] copying /home/ros/ros2_ws/build/vision_sorting/build/lib/vision_sorting/__init__.py -> /home/ros/ros2_ws/install/vision_sorting/lib/python3.12/site-packages/vision_sorting
[2.049s] copying /home/ros/ros2_ws/build/vision_sorting/build/lib/vision_sorting/vision_node.py -> /home/ros/ros2_ws/install/vision_sorting/lib/python3.12/site-packages/vision_sorting
[2.049s] copying /home/ros/ros2_ws/build/vision_sorting/build/lib/vision_sorting/test_node.py -> /home/ros/ros2_ws/install/vision_sorting/lib/python3.12/site-packages/vision_sorting
[2.049s] copying /home/ros/ros2_ws/build/vision_sorting/build/lib/vision_sorting/image_subscriber.py -> /home/ros/ros2_ws/install/vision_sorting/lib/python3.12/site-packages/vision_sorting
[2.049s] copying /home/ros/ros2_ws/build/vision_sorting/build/lib/vision_sorting/image_publisher.py -> /home/ros/ros2_ws/install/vision_sorting/lib/python3.12/site-packages/vision_sorting
[2.049s] byte-compiling /home/ros/ros2_ws/install/vision_sorting/lib/python3.12/site-packages/vision_sorting/__init__.py to __init__.cpython-312.pyc
[2.050s] byte-compiling /home/ros/ros2_ws/install/vision_sorting/lib/python3.12/site-packages/vision_sorting/vision_node.py to vision_node.cpython-312.pyc
[2.052s] byte-compiling /home/ros/ros2_ws/install/vision_sorting/lib/python3.12/site-packages/vision_sorting/test_node.py to test_node.cpython-312.pyc
[2.052s] byte-compiling /home/ros/ros2_ws/install/vision_sorting/lib/python3.12/site-packages/vision_sorting/image_subscriber.py to image_subscriber.cpython-312.pyc
[2.054s] byte-compiling /home/ros/ros2_ws/install/vision_sorting/lib/python3.12/site-packages/vision_sorting/image_publisher.py to image_publisher.cpython-312.pyc
[2.056s] running install_data
[2.056s] creating /home/ros/ros2_ws/install/vision_sorting/share/ament_index/resource_index/packages
[2.056s] copying resource/vision_sorting -> /home/ros/ros2_ws/install/vision_sorting/share/ament_index/resource_index/packages
[2.057s] copying package.xml -> /home/ros/ros2_ws/install/vision_sorting/share/vision_sorting
[2.057s] running install_egg_info
[2.092s] Copying ../../build/vision_sorting/vision_sorting.egg-info to /home/ros/ros2_ws/install/vision_sorting/lib/python3.12/site-packages/vision_sorting-0.0.0-py3.12.egg-info
[2.093s] running install_scripts
[2.176s] Installing image_publisher script to /home/ros/ros2_ws/install/vision_sorting/lib/vision_sorting
[2.176s] Installing image_subscriber script to /home/ros/ros2_ws/install/vision_sorting/lib/vision_sorting
[2.176s] Installing test_node script to /home/ros/ros2_ws/install/vision_sorting/lib/vision_sorting
[2.176s] Installing vision_node script to /home/ros/ros2_ws/install/vision_sorting/lib/vision_sorting
[2.177s] writing list of installed files to '/home/ros/ros2_ws/build/vision_sorting/install.log'
[2.236s] Invoked command in '/home/ros/ros2_ws/src/vision_sorting' returned '0': DEBUGINFOD_URLS=https://debuginfod.ubuntu.com PS1=\[\e]0;\u@\h: \w\a\]${debian_chroot:+($debian_chroot)}\[\033[01;32m\]\u@\h\[\033[00m\]:\[\033[01;34m\]\w\[\033[00m\]\$ PYTHONPATH=/home/ros/ros2_ws/build/vision_sorting/prefix_override:/usr/lib/python3/dist-packages/colcon_core/task/python/colcon_distutils_commands:/home/ros/ros2_ws/install/vision_sorting/lib/python3.12/site-packages:${PYTHONPATH} /usr/bin/python3 -W ignore:setup.py install is deprecated -W ignore:easy_install command is deprecated setup.py egg_info --egg-base ../../build/vision_sorting build --build-base /home/ros/ros2_ws/build/vision_sorting/build install --record /home/ros/ros2_ws/build/vision_sorting/install.log --single-version-externally-managed install_data
