/home/ros/ros2_ws/install/vision_sorting/lib/python3.12/site-packages/vision_sorting/target_selector.py
/home/ros/ros2_ws/install/vision_sorting/lib/python3.12/site-packages/vision_sorting/__init__.py
/home/ros/ros2_ws/install/vision_sorting/lib/python3.12/site-packages/vision_sorting/vision_node.py
/home/ros/ros2_ws/install/vision_sorting/lib/python3.12/site-packages/vision_sorting/detection_listener.py
/home/ros/ros2_ws/install/vision_sorting/lib/python3.12/site-packages/vision_sorting/test_node.py
/home/ros/ros2_ws/install/vision_sorting/lib/python3.12/site-packages/vision_sorting/image_subscriber.py
/home/ros/ros2_ws/install/vision_sorting/lib/python3.12/site-packages/vision_sorting/image_publisher.py
/home/ros/ros2_ws/install/vision_sorting/lib/python3.12/site-packages/vision_sorting/target_3d_estimator.py
/home/ros/ros2_ws/install/vision_sorting/lib/python3.12/site-packages/vision_sorting/__pycache__/target_selector.cpython-312.pyc
/home/ros/ros2_ws/install/vision_sorting/lib/python3.12/site-packages/vision_sorting/__pycache__/__init__.cpython-312.pyc
/home/ros/ros2_ws/install/vision_sorting/lib/python3.12/site-packages/vision_sorting/__pycache__/vision_node.cpython-312.pyc
/home/ros/ros2_ws/install/vision_sorting/lib/python3.12/site-packages/vision_sorting/__pycache__/detection_listener.cpython-312.pyc
/home/ros/ros2_ws/install/vision_sorting/lib/python3.12/site-packages/vision_sorting/__pycache__/test_node.cpython-312.pyc
/home/ros/ros2_ws/install/vision_sorting/lib/python3.12/site-packages/vision_sorting/__pycache__/image_subscriber.cpython-312.pyc
/home/ros/ros2_ws/install/vision_sorting/lib/python3.12/site-packages/vision_sorting/__pycache__/image_publisher.cpython-312.pyc
/home/ros/ros2_ws/install/vision_sorting/lib/python3.12/site-packages/vision_sorting/__pycache__/target_3d_estimator.cpython-312.pyc
/home/ros/ros2_ws/install/vision_sorting/share/ament_index/resource_index/packages/vision_sorting
/home/ros/ros2_ws/install/vision_sorting/share/vision_sorting/package.xml
/home/ros/ros2_ws/install/vision_sorting/lib/python3.12/site-packages/vision_sorting-0.0.0-py3.12.egg-info/requires.txt
/home/ros/ros2_ws/install/vision_sorting/lib/python3.12/site-packages/vision_sorting-0.0.0-py3.12.egg-info/dependency_links.txt
/home/ros/ros2_ws/install/vision_sorting/lib/python3.12/site-packages/vision_sorting-0.0.0-py3.12.egg-info/SOURCES.txt
/home/ros/ros2_ws/install/vision_sorting/lib/python3.12/site-packages/vision_sorting-0.0.0-py3.12.egg-info/entry_points.txt
/home/ros/ros2_ws/install/vision_sorting/lib/python3.12/site-packages/vision_sorting-0.0.0-py3.12.egg-info/zip-safe
/home/ros/ros2_ws/install/vision_sorting/lib/python3.12/site-packages/vision_sorting-0.0.0-py3.12.egg-info/PKG-INFO
/home/ros/ros2_ws/install/vision_sorting/lib/python3.12/site-packages/vision_sorting-0.0.0-py3.12.egg-info/top_level.txt
/home/ros/ros2_ws/install/vision_sorting/lib/vision_sorting/detection_listener
/home/ros/ros2_ws/install/vision_sorting/lib/vision_sorting/image_publisher
/home/ros/ros2_ws/install/vision_sorting/lib/vision_sorting/image_subscriber
/home/ros/ros2_ws/install/vision_sorting/lib/vision_sorting/target_3d_estimator
/home/ros/ros2_ws/install/vision_sorting/lib/vision_sorting/target_selector
/home/ros/ros2_ws/install/vision_sorting/lib/vision_sorting/test_node
/home/ros/ros2_ws/install/vision_sorting/lib/vision_sorting/vision_node
