[1.321s] DEBUG:colcon:Command line arguments: ['/usr/bin/colcon', 'build']
[1.321s] DEBUG:colcon:Parsed command line arguments: Namespace(log_base=None, log_level=None, verb_name='build', build_base='build', install_base='install', merge_install=False, symlink_install=False, test_result_base=None, continue_on_error=False, executor='parallel', parallel_workers=6, event_handlers=None, ignore_user_meta=False, metas=['./colcon.meta'], base_paths=['.'], packages_ignore=None, packages_ignore_regex=None, paths=None, packages_up_to=None, packages_up_to_regex=None, packages_above=None, packages_above_and_dependencies=None, packages_above_depth=None, packages_select_by_dep=None, packages_skip_by_dep=None, packages_skip_up_to=None, packages_select_build_failed=False, packages_skip_build_finished=False, packages_select_test_failures=False, packages_skip_test_passed=False, packages_select=None, packages_skip=None, packages_select_regex=None, packages_skip_regex=None, packages_start=None, packages_end=None, allow_overriding=[], cmake_args=None, cmake_target=None, cmake_target_skip_unavailable=False, cmake_clean_cache=False, cmake_clean_first=False, cmake_force_configure=False, ament_cmake_args=None, catkin_cmake_args=None, catkin_skip_building_tests=False, verb_parser=<colcon_defaults.argument_parser.defaults.DefaultArgumentsDecorator object at 0x78708a5fc500>, verb_extension=<colcon_core.verb.build.BuildVerb object at 0x78708a5c5ac0>, main=<bound method BuildVerb.main of <colcon_core.verb.build.BuildVerb object at 0x78708a5c5ac0>>)
[1.835s] Level 1:colcon.colcon_core.package_discovery:discover_packages(colcon_meta) check parameters
[1.835s] Level 1:colcon.colcon_core.package_discovery:discover_packages(recursive) check parameters
[1.836s] Level 1:colcon.colcon_core.package_discovery:discover_packages(ignore) check parameters
[1.836s] Level 1:colcon.colcon_core.package_discovery:discover_packages(path) check parameters
[1.836s] Level 1:colcon.colcon_core.package_discovery:discover_packages(colcon_meta) discover
[1.836s] Level 1:colcon.colcon_core.package_discovery:discover_packages(recursive) discover
[1.836s] INFO:colcon.colcon_core.package_discovery:Crawling recursively for packages in '/home/ros/ros2_ws'
[1.837s] Level 1:colcon.colcon_core.package_identification:_identify(.) by extensions ['ignore', 'ignore_ament_install']
[1.837s] Level 1:colcon.colcon_core.package_identification:_identify(.) by extension 'ignore'
[1.837s] Level 1:colcon.colcon_core.package_identification:_identify(.) by extension 'ignore_ament_install'
[1.837s] Level 1:colcon.colcon_core.package_identification:_identify(.) by extensions ['colcon_pkg']
[1.838s] Level 1:colcon.colcon_core.package_identification:_identify(.) by extension 'colcon_pkg'
[1.838s] Level 1:colcon.colcon_core.package_identification:_identify(.) by extensions ['colcon_meta']
[1.838s] Level 1:colcon.colcon_core.package_identification:_identify(.) by extension 'colcon_meta'
[1.838s] Level 1:colcon.colcon_core.package_identification:_identify(.) by extensions ['ros']
[1.838s] Level 1:colcon.colcon_core.package_identification:_identify(.) by extension 'ros'
[2.005s] Level 1:colcon.colcon_core.package_identification:_identify(.) by extensions ['cmake', 'python']
[2.005s] Level 1:colcon.colcon_core.package_identification:_identify(.) by extension 'cmake'
[2.005s] Level 1:colcon.colcon_core.package_identification:_identify(.) by extension 'python'
[2.006s] Level 1:colcon.colcon_core.package_identification:_identify(.) by extensions ['python_setup_py']
[2.006s] Level 1:colcon.colcon_core.package_identification:_identify(.) by extension 'python_setup_py'
[2.006s] Level 1:colcon.colcon_core.package_identification:_identify(build) by extensions ['ignore', 'ignore_ament_install']
[2.006s] Level 1:colcon.colcon_core.package_identification:_identify(build) by extension 'ignore'
[2.007s] Level 1:colcon.colcon_core.package_identification:_identify(build) ignored
[2.016s] Level 1:colcon.colcon_core.package_identification:_identify(install) by extensions ['ignore', 'ignore_ament_install']
[2.017s] Level 1:colcon.colcon_core.package_identification:_identify(install) by extension 'ignore'
[2.017s] Level 1:colcon.colcon_core.package_identification:_identify(install) ignored
[2.017s] Level 1:colcon.colcon_core.package_identification:_identify(log) by extensions ['ignore', 'ignore_ament_install']
[2.018s] Level 1:colcon.colcon_core.package_identification:_identify(log) by extension 'ignore'
[2.018s] Level 1:colcon.colcon_core.package_identification:_identify(log) ignored
[2.018s] Level 1:colcon.colcon_core.package_identification:_identify(src) by extensions ['ignore', 'ignore_ament_install']
[2.021s] Level 1:colcon.colcon_core.package_identification:_identify(src) by extension 'ignore'
[2.022s] Level 1:colcon.colcon_core.package_identification:_identify(src) by extension 'ignore_ament_install'
[2.022s] Level 1:colcon.colcon_core.package_identification:_identify(src) by extensions ['colcon_pkg']
[2.022s] Level 1:colcon.colcon_core.package_identification:_identify(src) by extension 'colcon_pkg'
[2.023s] Level 1:colcon.colcon_core.package_identification:_identify(src) by extensions ['colcon_meta']
[2.023s] Level 1:colcon.colcon_core.package_identification:_identify(src) by extension 'colcon_meta'
[2.023s] Level 1:colcon.colcon_core.package_identification:_identify(src) by extensions ['ros']
[2.023s] Level 1:colcon.colcon_core.package_identification:_identify(src) by extension 'ros'
[2.024s] Level 1:colcon.colcon_core.package_identification:_identify(src) by extensions ['cmake', 'python']
[2.027s] Level 1:colcon.colcon_core.package_identification:_identify(src) by extension 'cmake'
[2.028s] Level 1:colcon.colcon_core.package_identification:_identify(src) by extension 'python'
[2.028s] Level 1:colcon.colcon_core.package_identification:_identify(src) by extensions ['python_setup_py']
[2.028s] Level 1:colcon.colcon_core.package_identification:_identify(src) by extension 'python_setup_py'
[2.028s] Level 1:colcon.colcon_core.package_identification:_identify(src/vision_sorting) by extensions ['ignore', 'ignore_ament_install']
[2.029s] Level 1:colcon.colcon_core.package_identification:_identify(src/vision_sorting) by extension 'ignore'
[2.029s] Level 1:colcon.colcon_core.package_identification:_identify(src/vision_sorting) by extension 'ignore_ament_install'
[2.029s] Level 1:colcon.colcon_core.package_identification:_identify(src/vision_sorting) by extensions ['colcon_pkg']
[2.031s] Level 1:colcon.colcon_core.package_identification:_identify(src/vision_sorting) by extension 'colcon_pkg'
[2.032s] Level 1:colcon.colcon_core.package_identification:_identify(src/vision_sorting) by extensions ['colcon_meta']
[2.032s] Level 1:colcon.colcon_core.package_identification:_identify(src/vision_sorting) by extension 'colcon_meta'
[2.032s] Level 1:colcon.colcon_core.package_identification:_identify(src/vision_sorting) by extensions ['ros']
[2.032s] Level 1:colcon.colcon_core.package_identification:_identify(src/vision_sorting) by extension 'ros'
[2.059s] DEBUG:colcon.colcon_core.package_identification:Package 'src/vision_sorting' with type 'ros.ament_python' and name 'vision_sorting'
[2.061s] Level 1:colcon.colcon_core.package_identification:_identify(test_data) by extensions ['ignore', 'ignore_ament_install']
[2.063s] Level 1:colcon.colcon_core.package_identification:_identify(test_data) by extension 'ignore'
[2.063s] Level 1:colcon.colcon_core.package_identification:_identify(test_data) by extension 'ignore_ament_install'
[2.063s] Level 1:colcon.colcon_core.package_identification:_identify(test_data) by extensions ['colcon_pkg']
[2.064s] Level 1:colcon.colcon_core.package_identification:_identify(test_data) by extension 'colcon_pkg'
[2.064s] Level 1:colcon.colcon_core.package_identification:_identify(test_data) by extensions ['colcon_meta']
[2.064s] Level 1:colcon.colcon_core.package_identification:_identify(test_data) by extension 'colcon_meta'
[2.064s] Level 1:colcon.colcon_core.package_identification:_identify(test_data) by extensions ['ros']
[2.064s] Level 1:colcon.colcon_core.package_identification:_identify(test_data) by extension 'ros'
[2.065s] Level 1:colcon.colcon_core.package_identification:_identify(test_data) by extensions ['cmake', 'python']
[2.065s] Level 1:colcon.colcon_core.package_identification:_identify(test_data) by extension 'cmake'
[2.065s] Level 1:colcon.colcon_core.package_identification:_identify(test_data) by extension 'python'
[2.066s] Level 1:colcon.colcon_core.package_identification:_identify(test_data) by extensions ['python_setup_py']
[2.066s] Level 1:colcon.colcon_core.package_identification:_identify(test_data) by extension 'python_setup_py'
[2.066s] Level 1:colcon.colcon_core.package_discovery:discover_packages(recursive) using defaults
[2.066s] Level 1:colcon.colcon_core.package_discovery:discover_packages(ignore) discover
[2.066s] Level 1:colcon.colcon_core.package_discovery:discover_packages(ignore) using defaults
[2.067s] Level 1:colcon.colcon_core.package_discovery:discover_packages(path) discover
[2.067s] Level 1:colcon.colcon_core.package_discovery:discover_packages(path) using defaults
[2.213s] Level 1:colcon.colcon_core.package_discovery:discover_packages(prefix_path) check parameters
[2.213s] Level 1:colcon.colcon_core.package_discovery:discover_packages(prefix_path) discover
[2.256s] DEBUG:colcon.colcon_installed_package_information.package_discovery:Found 1 installed packages in /home/ros/ros2_ws/install
[2.264s] DEBUG:colcon.colcon_installed_package_information.package_discovery:Found 317 installed packages in /opt/ros/jazzy
[2.268s] Level 1:colcon.colcon_core.package_discovery:discover_packages(prefix_path) using defaults
[2.885s] Level 5:colcon.colcon_core.verb:set package 'vision_sorting' build argument 'cmake_args' from command line to 'None'
[2.886s] Level 5:colcon.colcon_core.verb:set package 'vision_sorting' build argument 'cmake_target' from command line to 'None'
[2.886s] Level 5:colcon.colcon_core.verb:set package 'vision_sorting' build argument 'cmake_target_skip_unavailable' from command line to 'False'
[2.886s] Level 5:colcon.colcon_core.verb:set package 'vision_sorting' build argument 'cmake_clean_cache' from command line to 'False'
[2.886s] Level 5:colcon.colcon_core.verb:set package 'vision_sorting' build argument 'cmake_clean_first' from command line to 'False'
[2.886s] Level 5:colcon.colcon_core.verb:set package 'vision_sorting' build argument 'cmake_force_configure' from command line to 'False'
[2.886s] Level 5:colcon.colcon_core.verb:set package 'vision_sorting' build argument 'ament_cmake_args' from command line to 'None'
[2.886s] Level 5:colcon.colcon_core.verb:set package 'vision_sorting' build argument 'catkin_cmake_args' from command line to 'None'
[2.886s] Level 5:colcon.colcon_core.verb:set package 'vision_sorting' build argument 'catkin_skip_building_tests' from command line to 'False'
[2.886s] DEBUG:colcon.colcon_core.verb:Building package 'vision_sorting' with the following arguments: {'ament_cmake_args': None, 'build_base': '/home/ros/ros2_ws/build/vision_sorting', 'catkin_cmake_args': None, 'catkin_skip_building_tests': False, 'cmake_args': None, 'cmake_clean_cache': False, 'cmake_clean_first': False, 'cmake_force_configure': False, 'cmake_target': None, 'cmake_target_skip_unavailable': False, 'install_base': '/home/ros/ros2_ws/install/vision_sorting', 'merge_install': False, 'path': '/home/ros/ros2_ws/src/vision_sorting', 'symlink_install': False, 'test_result_base': None}
[2.887s] INFO:colcon.colcon_core.executor:Executing jobs using 'parallel' executor
[2.890s] DEBUG:colcon.colcon_parallel_executor.executor.parallel:run_until_complete
[2.893s] INFO:colcon.colcon_ros.task.ament_python.build:Building ROS package in '/home/ros/ros2_ws/src/vision_sorting' with build type 'ament_python'
[2.895s] Level 1:colcon.colcon_core.shell:create_environment_hook('vision_sorting', 'ament_prefix_path')
[2.924s] INFO:colcon.colcon_core.plugin_system:Skipping extension 'colcon_core.shell.bat': Not used on non-Windows systems
[2.925s] INFO:colcon.colcon_core.shell:Creating environment hook '/home/ros/ros2_ws/install/vision_sorting/share/vision_sorting/hook/ament_prefix_path.ps1'
[2.931s] INFO:colcon.colcon_core.shell:Creating environment descriptor '/home/ros/ros2_ws/install/vision_sorting/share/vision_sorting/hook/ament_prefix_path.dsv'
[2.934s] INFO:colcon.colcon_core.shell:Creating environment hook '/home/ros/ros2_ws/install/vision_sorting/share/vision_sorting/hook/ament_prefix_path.sh'
[2.945s] INFO:colcon.colcon_core.shell:Skip shell extension 'powershell' for command environment: Not usable outside of PowerShell
[2.945s] DEBUG:colcon.colcon_core.shell:Skip shell extension 'dsv' for command environment
[4.239s] INFO:colcon.colcon_core.task.python.build:Building Python package in '/home/ros/ros2_ws/src/vision_sorting'
[4.239s] INFO:colcon.colcon_core.shell:Skip shell extension 'powershell' for command environment: Not usable outside of PowerShell
[4.240s] DEBUG:colcon.colcon_core.shell:Skip shell extension 'dsv' for command environment
[9.559s] DEBUG:colcon.colcon_core.event_handler.log_command:Invoking command in '/home/ros/ros2_ws/src/vision_sorting': DEBUGINFOD_URLS=https://debuginfod.ubuntu.com PYTHONPATH=/home/ros/ros2_ws/build/vision_sorting/prefix_override:/usr/lib/python3/dist-packages/colcon_core/task/python/colcon_distutils_commands:/home/ros/ros2_ws/install/vision_sorting/lib/python3.12/site-packages:${PYTHONPATH} /usr/bin/python3 -W ignore:setup.py install is deprecated -W ignore:easy_install command is deprecated setup.py egg_info --egg-base ../../build/vision_sorting build --build-base /home/ros/ros2_ws/build/vision_sorting/build install --record /home/ros/ros2_ws/build/vision_sorting/install.log --single-version-externally-managed install_data
[13.806s] DEBUG:colcon.colcon_core.event_handler.log_command:Invoked command in '/home/ros/ros2_ws/src/vision_sorting' returned '0': DEBUGINFOD_URLS=https://debuginfod.ubuntu.com PYTHONPATH=/home/ros/ros2_ws/build/vision_sorting/prefix_override:/usr/lib/python3/dist-packages/colcon_core/task/python/colcon_distutils_commands:/home/ros/ros2_ws/install/vision_sorting/lib/python3.12/site-packages:${PYTHONPATH} /usr/bin/python3 -W ignore:setup.py install is deprecated -W ignore:easy_install command is deprecated setup.py egg_info --egg-base ../../build/vision_sorting build --build-base /home/ros/ros2_ws/build/vision_sorting/build install --record /home/ros/ros2_ws/build/vision_sorting/install.log --single-version-externally-managed install_data
[13.900s] Level 1:colcon.colcon_core.environment:checking '/home/ros/ros2_ws/install/vision_sorting' for CMake module files
[13.909s] Level 1:colcon.colcon_core.environment:checking '/home/ros/ros2_ws/install/vision_sorting' for CMake config files
[13.934s] Level 1:colcon.colcon_core.environment:checking '/home/ros/ros2_ws/install/vision_sorting/lib'
[13.936s] Level 1:colcon.colcon_core.environment:checking '/home/ros/ros2_ws/install/vision_sorting/bin'
[13.938s] Level 1:colcon.colcon_core.environment:checking '/home/ros/ros2_ws/install/vision_sorting/lib/pkgconfig/vision_sorting.pc'
[13.939s] Level 1:colcon.colcon_core.environment:checking '/home/ros/ros2_ws/install/vision_sorting/lib/python3.12/site-packages'
[13.942s] Level 1:colcon.colcon_core.shell:create_environment_hook('vision_sorting', 'pythonpath')
[13.942s] INFO:colcon.colcon_core.shell:Creating environment hook '/home/ros/ros2_ws/install/vision_sorting/share/vision_sorting/hook/pythonpath.ps1'
[13.951s] INFO:colcon.colcon_core.shell:Creating environment descriptor '/home/ros/ros2_ws/install/vision_sorting/share/vision_sorting/hook/pythonpath.dsv'
[13.961s] INFO:colcon.colcon_core.shell:Creating environment hook '/home/ros/ros2_ws/install/vision_sorting/share/vision_sorting/hook/pythonpath.sh'
[13.966s] Level 1:colcon.colcon_core.environment:checking '/home/ros/ros2_ws/install/vision_sorting/bin'
[13.966s] Level 1:colcon.colcon_core.environment:create_environment_scripts_only(vision_sorting)
[13.967s] INFO:colcon.colcon_core.shell:Creating package script '/home/ros/ros2_ws/install/vision_sorting/share/vision_sorting/package.ps1'
[13.971s] INFO:colcon.colcon_core.shell:Creating package descriptor '/home/ros/ros2_ws/install/vision_sorting/share/vision_sorting/package.dsv'
[13.975s] INFO:colcon.colcon_core.shell:Creating package script '/home/ros/ros2_ws/install/vision_sorting/share/vision_sorting/package.sh'
[13.988s] INFO:colcon.colcon_core.shell:Creating package script '/home/ros/ros2_ws/install/vision_sorting/share/vision_sorting/package.bash'
[13.993s] INFO:colcon.colcon_core.shell:Creating package script '/home/ros/ros2_ws/install/vision_sorting/share/vision_sorting/package.zsh'
[14.005s] Level 1:colcon.colcon_core.environment:create_file_with_runtime_dependencies(/home/ros/ros2_ws/install/vision_sorting/share/colcon-core/packages/vision_sorting)
[14.012s] DEBUG:colcon.colcon_parallel_executor.executor.parallel:closing loop
[14.015s] DEBUG:colcon.colcon_parallel_executor.executor.parallel:loop closed
[14.015s] DEBUG:colcon.colcon_parallel_executor.executor.parallel:run_until_complete finished with '0'
[14.015s] DEBUG:colcon.colcon_core.event_reactor:joining thread
[14.142s] INFO:colcon.colcon_core.plugin_system:Skipping extension 'colcon_notification.desktop_notification.terminal_notifier': Not used on non-Darwin systems
[14.147s] INFO:colcon.colcon_core.plugin_system:Skipping extension 'colcon_notification.desktop_notification.win32': Not used on non-Windows systems
[14.147s] INFO:colcon.colcon_notification.desktop_notification:Sending desktop notification using 'notify2'
[14.330s] DEBUG:colcon.colcon_core.event_reactor:joined thread
[14.332s] INFO:colcon.colcon_core.shell:Creating prefix script '/home/ros/ros2_ws/install/local_setup.ps1'
[14.343s] INFO:colcon.colcon_core.shell:Creating prefix util module '/home/ros/ros2_ws/install/_local_setup_util_ps1.py'
[14.354s] INFO:colcon.colcon_core.shell:Creating prefix chain script '/home/ros/ros2_ws/install/setup.ps1'
[14.359s] INFO:colcon.colcon_core.shell:Creating prefix script '/home/ros/ros2_ws/install/local_setup.sh'
[14.370s] INFO:colcon.colcon_core.shell:Creating prefix util module '/home/ros/ros2_ws/install/_local_setup_util_sh.py'
[14.384s] INFO:colcon.colcon_core.shell:Creating prefix chain script '/home/ros/ros2_ws/install/setup.sh'
[14.401s] INFO:colcon.colcon_core.shell:Creating prefix script '/home/ros/ros2_ws/install/local_setup.bash'
[14.403s] INFO:colcon.colcon_core.shell:Creating prefix chain script '/home/ros/ros2_ws/install/setup.bash'
[14.409s] INFO:colcon.colcon_core.shell:Creating prefix script '/home/ros/ros2_ws/install/local_setup.zsh'
[14.412s] INFO:colcon.colcon_core.shell:Creating prefix chain script '/home/ros/ros2_ws/install/setup.zsh'
