[3.679s] Invoking command in '/home/ros/ros2_ws/src/vision_sorting': DEBUGINFOD_URLS=https://debuginfod.ubuntu.com PYTHONPATH=/home/ros/ros2_ws/build/vision_sorting/prefix_override:/usr/lib/python3/dist-packages/colcon_core/task/python/colcon_distutils_commands:/home/ros/ros2_ws/install/vision_sorting/lib/python3.12/site-packages:${PYTHONPATH} /usr/bin/python3 -W ignore:setup.py install is deprecated -W ignore:easy_install command is deprecated setup.py egg_info --egg-base ../../build/vision_sorting build --build-base /home/ros/ros2_ws/build/vision_sorting/build install --record /home/ros/ros2_ws/build/vision_sorting/install.log --single-version-externally-managed install_data
[4.284s] running egg_info
[4.318s] writing ../../build/vision_sorting/vision_sorting.egg-info/PKG-INFO
[4.320s] writing dependency_links to ../../build/vision_sorting/vision_sorting.egg-info/dependency_links.txt
[4.320s] writing entry points to ../../build/vision_sorting/vision_sorting.egg-info/entry_points.txt
[4.321s] writing requirements to ../../build/vision_sorting/vision_sorting.egg-info/requires.txt
[4.321s] writing top-level names to ../../build/vision_sorting/vision_sorting.egg-info/top_level.txt
[4.398s] reading manifest file '../../build/vision_sorting/vision_sorting.egg-info/SOURCES.txt'
[4.399s] adding license file 'LICENSE'
[4.399s] writing manifest file '../../build/vision_sorting/vision_sorting.egg-info/SOURCES.txt'
[4.400s] running build
[4.400s] running build_py
[4.401s] copying vision_sorting/vision_node.py -> /home/ros/ros2_ws/build/vision_sorting/build/lib/vision_sorting
[4.402s] running install
[4.412s] running install_lib
[4.444s] copying /home/ros/ros2_ws/build/vision_sorting/build/lib/vision_sorting/vision_node.py -> /home/ros/ros2_ws/install/vision_sorting/lib/python3.12/site-packages/vision_sorting
[4.446s] byte-compiling /home/ros/ros2_ws/install/vision_sorting/lib/python3.12/site-packages/vision_sorting/vision_node.py to vision_node.cpython-312.pyc
[4.449s] running install_data
[4.450s] copying package.xml -> /home/ros/ros2_ws/install/vision_sorting/share/vision_sorting
[4.451s] running install_egg_info
[4.489s] removing '/home/ros/ros2_ws/install/vision_sorting/lib/python3.12/site-packages/vision_sorting-0.0.0-py3.12.egg-info' (and everything under it)
[4.491s] Copying ../../build/vision_sorting/vision_sorting.egg-info to /home/ros/ros2_ws/install/vision_sorting/lib/python3.12/site-packages/vision_sorting-0.0.0-py3.12.egg-info
[4.493s] running install_scripts
[4.707s] Installing detection_listener script to /home/ros/ros2_ws/install/vision_sorting/lib/vision_sorting
[4.708s] Installing image_publisher script to /home/ros/ros2_ws/install/vision_sorting/lib/vision_sorting
[4.709s] Installing image_subscriber script to /home/ros/ros2_ws/install/vision_sorting/lib/vision_sorting
[4.709s] Installing test_node script to /home/ros/ros2_ws/install/vision_sorting/lib/vision_sorting
[4.709s] Installing vision_node script to /home/ros/ros2_ws/install/vision_sorting/lib/vision_sorting
[4.710s] writing list of installed files to '/home/ros/ros2_ws/build/vision_sorting/install.log'
[4.776s] Invoked command in '/home/ros/ros2_ws/src/vision_sorting' returned '0': DEBUGINFOD_URLS=https://debuginfod.ubuntu.com PYTHONPATH=/home/ros/ros2_ws/build/vision_sorting/prefix_override:/usr/lib/python3/dist-packages/colcon_core/task/python/colcon_distutils_commands:/home/ros/ros2_ws/install/vision_sorting/lib/python3.12/site-packages:${PYTHONPATH} /usr/bin/python3 -W ignore:setup.py install is deprecated -W ignore:easy_install command is deprecated setup.py egg_info --egg-base ../../build/vision_sorting build --build-base /home/ros/ros2_ws/build/vision_sorting/build install --record /home/ros/ros2_ws/build/vision_sorting/install.log --single-version-externally-managed install_data
