running egg_info
writing ../../build/vision_sorting/vision_sorting.egg-info/PKG-INFO
writing dependency_links to ../../build/vision_sorting/vision_sorting.egg-info/dependency_links.txt
writing entry points to ../../build/vision_sorting/vision_sorting.egg-info/entry_points.txt
writing requirements to ../../build/vision_sorting/vision_sorting.egg-info/requires.txt
writing top-level names to ../../build/vision_sorting/vision_sorting.egg-info/top_level.txt
reading manifest file '../../build/vision_sorting/vision_sorting.egg-info/SOURCES.txt'
adding license file 'LICENSE'
writing manifest file '../../build/vision_sorting/vision_sorting.egg-info/SOURCES.txt'
running build
running build_py
copying vision_sorting/target_selector.py -> /home/ros/ros2_ws/build/vision_sorting/build/lib/vision_sorting
running install
running install_lib
copying /home/ros/ros2_ws/build/vision_sorting/build/lib/vision_sorting/target_selector.py -> /home/ros/ros2_ws/install/vision_sorting/lib/python3.12/site-packages/vision_sorting
byte-compiling /home/ros/ros2_ws/install/vision_sorting/lib/python3.12/site-packages/vision_sorting/target_selector.py to target_selector.cpython-312.pyc
running install_data
copying package.xml -> /home/ros/ros2_ws/install/vision_sorting/share/vision_sorting
running install_egg_info
removing '/home/ros/ros2_ws/install/vision_sorting/lib/python3.12/site-packages/vision_sorting-0.0.0-py3.12.egg-info' (and everything under it)
Copying ../../build/vision_sorting/vision_sorting.egg-info to /home/ros/ros2_ws/install/vision_sorting/lib/python3.12/site-packages/vision_sorting-0.0.0-py3.12.egg-info
running install_scripts
Installing detection_listener script to /home/ros/ros2_ws/install/vision_sorting/lib/vision_sorting
Installing image_publisher script to /home/ros/ros2_ws/install/vision_sorting/lib/vision_sorting
Installing image_subscriber script to /home/ros/ros2_ws/install/vision_sorting/lib/vision_sorting
Installing target_selector script to /home/ros/ros2_ws/install/vision_sorting/lib/vision_sorting
Installing test_node script to /home/ros/ros2_ws/install/vision_sorting/lib/vision_sorting
Installing vision_node script to /home/ros/ros2_ws/install/vision_sorting/lib/vision_sorting
writing list of installed files to '/home/ros/ros2_ws/build/vision_sorting/install.log'
