[1.977s] Invoking command in '/home/ros/ros2_ws/src/vision_sorting': DEBUGINFOD_URLS=https://debuginfod.ubuntu.com PYTHONPATH=/home/ros/ros2_ws/build/vision_sorting/prefix_override:/usr/lib/python3/dist-packages/colcon_core/task/python/colcon_distutils_commands:/home/ros/ros2_ws/install/vision_sorting/lib/python3.12/site-packages:${PYTHONPATH} /usr/bin/python3 -W ignore:setup.py install is deprecated -W ignore:easy_install command is deprecated setup.py egg_info --egg-base ../../build/vision_sorting build --build-base /home/ros/ros2_ws/build/vision_sorting/build install --record /home/ros/ros2_ws/build/vision_sorting/install.log --single-version-externally-managed install_data
[2.444s] running egg_info
[2.476s] writing ../../build/vision_sorting/vision_sorting.egg-info/PKG-INFO
[2.477s] writing dependency_links to ../../build/vision_sorting/vision_sorting.egg-info/dependency_links.txt
[2.478s] writing entry points to ../../build/vision_sorting/vision_sorting.egg-info/entry_points.txt
[2.479s] writing requirements to ../../build/vision_sorting/vision_sorting.egg-info/requires.txt
[2.479s] writing top-level names to ../../build/vision_sorting/vision_sorting.egg-info/top_level.txt
[2.549s] reading manifest file '../../build/vision_sorting/vision_sorting.egg-info/SOURCES.txt'
[2.550s] adding license file 'LICENSE'
[2.551s] writing manifest file '../../build/vision_sorting/vision_sorting.egg-info/SOURCES.txt'
[2.552s] running build
[2.552s] running build_py
[2.554s] copying vision_sorting/target_selector.py -> /home/ros/ros2_ws/build/vision_sorting/build/lib/vision_sorting
[2.557s] running install
[2.567s] running install_lib
[2.601s] copying /home/ros/ros2_ws/build/vision_sorting/build/lib/vision_sorting/target_selector.py -> /home/ros/ros2_ws/install/vision_sorting/lib/python3.12/site-packages/vision_sorting
[2.603s] byte-compiling /home/ros/ros2_ws/install/vision_sorting/lib/python3.12/site-packages/vision_sorting/target_selector.py to target_selector.cpython-312.pyc
[2.605s] running install_data
[2.605s] copying package.xml -> /home/ros/ros2_ws/install/vision_sorting/share/vision_sorting
[2.605s] running install_egg_info
[2.639s] removing '/home/ros/ros2_ws/install/vision_sorting/lib/python3.12/site-packages/vision_sorting-0.0.0-py3.12.egg-info' (and everything under it)
[2.640s] Copying ../../build/vision_sorting/vision_sorting.egg-info to /home/ros/ros2_ws/install/vision_sorting/lib/python3.12/site-packages/vision_sorting-0.0.0-py3.12.egg-info
[2.642s] running install_scripts
[2.911s] Installing detection_listener script to /home/ros/ros2_ws/install/vision_sorting/lib/vision_sorting
[2.912s] Installing image_publisher script to /home/ros/ros2_ws/install/vision_sorting/lib/vision_sorting
[2.913s] Installing image_subscriber script to /home/ros/ros2_ws/install/vision_sorting/lib/vision_sorting
[2.913s] Installing target_selector script to /home/ros/ros2_ws/install/vision_sorting/lib/vision_sorting
[2.914s] Installing test_node script to /home/ros/ros2_ws/install/vision_sorting/lib/vision_sorting
[2.914s] Installing vision_node script to /home/ros/ros2_ws/install/vision_sorting/lib/vision_sorting
[2.914s] writing list of installed files to '/home/ros/ros2_ws/build/vision_sorting/install.log'
[2.987s] Invoked command in '/home/ros/ros2_ws/src/vision_sorting' returned '0': DEBUGINFOD_URLS=https://debuginfod.ubuntu.com PYTHONPATH=/home/ros/ros2_ws/build/vision_sorting/prefix_override:/usr/lib/python3/dist-packages/colcon_core/task/python/colcon_distutils_commands:/home/ros/ros2_ws/install/vision_sorting/lib/python3.12/site-packages:${PYTHONPATH} /usr/bin/python3 -W ignore:setup.py install is deprecated -W ignore:easy_install command is deprecated setup.py egg_info --egg-base ../../build/vision_sorting build --build-base /home/ros/ros2_ws/build/vision_sorting/build install --record /home/ros/ros2_ws/build/vision_sorting/install.log --single-version-externally-managed install_data
