[5.000s] Invoking command in '/home/ros/ros2_ws/src/vision_sorting': DEBUGINFOD_URLS=https://debuginfod.ubuntu.com PYTHONPATH=/home/ros/ros2_ws/build/vision_sorting/prefix_override:/usr/lib/python3/dist-packages/colcon_core/task/python/colcon_distutils_commands:/home/ros/ros2_ws/install/vision_sorting/lib/python3.12/site-packages:${PYTHONPATH} /usr/bin/python3 -W ignore:setup.py install is deprecated -W ignore:easy_install command is deprecated setup.py egg_info --egg-base ../../build/vision_sorting build --build-base /home/ros/ros2_ws/build/vision_sorting/build install --record /home/ros/ros2_ws/build/vision_sorting/install.log --single-version-externally-managed install_data
[7.862s] running egg_info
[8.111s] writing ../../build/vision_sorting/vision_sorting.egg-info/PKG-INFO
[8.114s] writing dependency_links to ../../build/vision_sorting/vision_sorting.egg-info/dependency_links.txt
[8.119s] writing entry points to ../../build/vision_sorting/vision_sorting.egg-info/entry_points.txt
[8.121s] writing requirements to ../../build/vision_sorting/vision_sorting.egg-info/requires.txt
[8.124s] writing top-level names to ../../build/vision_sorting/vision_sorting.egg-info/top_level.txt
[8.784s] reading manifest file '../../build/vision_sorting/vision_sorting.egg-info/SOURCES.txt'
[8.793s] adding license file 'LICENSE'
[8.794s] writing manifest file '../../build/vision_sorting/vision_sorting.egg-info/SOURCES.txt'
[8.798s] running build
[8.801s] running build_py
[8.802s] copying vision_sorting/vision_node.py -> /home/ros/ros2_ws/build/vision_sorting/build/lib/vision_sorting
[8.805s] running install
[8.876s] running install_lib
[9.131s] copying /home/ros/ros2_ws/build/vision_sorting/build/lib/vision_sorting/vision_node.py -> /home/ros/ros2_ws/install/vision_sorting/lib/python3.12/site-packages/vision_sorting
[9.143s] byte-compiling /home/ros/ros2_ws/install/vision_sorting/lib/python3.12/site-packages/vision_sorting/vision_node.py to vision_node.cpython-312.pyc
[9.153s] running install_data
[9.154s] running install_egg_info
[9.384s] removing '/home/ros/ros2_ws/install/vision_sorting/lib/python3.12/site-packages/vision_sorting-0.0.0-py3.12.egg-info' (and everything under it)
[9.387s] Copying ../../build/vision_sorting/vision_sorting.egg-info to /home/ros/ros2_ws/install/vision_sorting/lib/python3.12/site-packages/vision_sorting-0.0.0-py3.12.egg-info
[9.403s] running install_scripts
[10.645s] Installing image_publisher script to /home/ros/ros2_ws/install/vision_sorting/lib/vision_sorting
[10.648s] Installing image_subscriber script to /home/ros/ros2_ws/install/vision_sorting/lib/vision_sorting
[10.653s] Installing test_node script to /home/ros/ros2_ws/install/vision_sorting/lib/vision_sorting
[10.653s] Installing vision_node script to /home/ros/ros2_ws/install/vision_sorting/lib/vision_sorting
[10.654s] writing list of installed files to '/home/ros/ros2_ws/build/vision_sorting/install.log'
[10.853s] Invoked command in '/home/ros/ros2_ws/src/vision_sorting' returned '0': DEBUGINFOD_URLS=https://debuginfod.ubuntu.com PYTHONPATH=/home/ros/ros2_ws/build/vision_sorting/prefix_override:/usr/lib/python3/dist-packages/colcon_core/task/python/colcon_distutils_commands:/home/ros/ros2_ws/install/vision_sorting/lib/python3.12/site-packages:${PYTHONPATH} /usr/bin/python3 -W ignore:setup.py install is deprecated -W ignore:easy_install command is deprecated setup.py egg_info --egg-base ../../build/vision_sorting build --build-base /home/ros/ros2_ws/build/vision_sorting/build install --record /home/ros/ros2_ws/build/vision_sorting/install.log --single-version-externally-managed install_data
