[1.992s] Invoking command in '/home/ros/ros2_ws/src/vision_sorting': DEBUGINFOD_URLS=https://debuginfod.ubuntu.com PYTHONPATH=/home/ros/ros2_ws/build/vision_sorting/prefix_override:/usr/lib/python3/dist-packages/colcon_core/task/python/colcon_distutils_commands:/home/ros/ros2_ws/install/vision_sorting/lib/python3.12/site-packages:${PYTHONPATH} /usr/bin/python3 -W ignore:setup.py install is deprecated -W ignore:easy_install command is deprecated setup.py egg_info --egg-base ../../build/vision_sorting build --build-base /home/ros/ros2_ws/build/vision_sorting/build install --record /home/ros/ros2_ws/build/vision_sorting/install.log --single-version-externally-managed install_data
[2.828s] running egg_info
[2.908s] writing ../../build/vision_sorting/vision_sorting.egg-info/PKG-INFO
[2.911s] writing dependency_links to ../../build/vision_sorting/vision_sorting.egg-info/dependency_links.txt
[2.912s] writing entry points to ../../build/vision_sorting/vision_sorting.egg-info/entry_points.txt
[2.913s] writing requirements to ../../build/vision_sorting/vision_sorting.egg-info/requires.txt
[2.913s] writing top-level names to ../../build/vision_sorting/vision_sorting.egg-info/top_level.txt
[3.057s] reading manifest file '../../build/vision_sorting/vision_sorting.egg-info/SOURCES.txt'
[3.058s] adding license file 'LICENSE'
[3.059s] writing manifest file '../../build/vision_sorting/vision_sorting.egg-info/SOURCES.txt'
[3.063s] running build
[3.063s] running build_py
[3.063s] running install
[3.079s] running install_lib
[3.123s] running install_data
[3.124s] running install_egg_info
[3.168s] removing '/home/ros/ros2_ws/install/vision_sorting/lib/python3.12/site-packages/vision_sorting-0.0.0-py3.12.egg-info' (and everything under it)
[3.168s] Copying ../../build/vision_sorting/vision_sorting.egg-info to /home/ros/ros2_ws/install/vision_sorting/lib/python3.12/site-packages/vision_sorting-0.0.0-py3.12.egg-info
[3.169s] running install_scripts
[3.411s] Installing image_publisher script to /home/ros/ros2_ws/install/vision_sorting/lib/vision_sorting
[3.412s] Installing image_subscriber script to /home/ros/ros2_ws/install/vision_sorting/lib/vision_sorting
[3.412s] Installing test_node script to /home/ros/ros2_ws/install/vision_sorting/lib/vision_sorting
[3.413s] Installing vision_node script to /home/ros/ros2_ws/install/vision_sorting/lib/vision_sorting
[3.413s] writing list of installed files to '/home/ros/ros2_ws/build/vision_sorting/install.log'
[3.482s] Invoked command in '/home/ros/ros2_ws/src/vision_sorting' returned '0': DEBUGINFOD_URLS=https://debuginfod.ubuntu.com PYTHONPATH=/home/ros/ros2_ws/build/vision_sorting/prefix_override:/usr/lib/python3/dist-packages/colcon_core/task/python/colcon_distutils_commands:/home/ros/ros2_ws/install/vision_sorting/lib/python3.12/site-packages:${PYTHONPATH} /usr/bin/python3 -W ignore:setup.py install is deprecated -W ignore:easy_install command is deprecated setup.py egg_info --egg-base ../../build/vision_sorting build --build-base /home/ros/ros2_ws/build/vision_sorting/build install --record /home/ros/ros2_ws/build/vision_sorting/install.log --single-version-externally-managed install_data
