[2.655s] Invoking command in '/home/ros/ros2_ws/src/vision_sorting': DEBUGINFOD_URLS=https://debuginfod.ubuntu.com PYTHONPATH=/home/ros/ros2_ws/build/vision_sorting/prefix_override:/usr/lib/python3/dist-packages/colcon_core/task/python/colcon_distutils_commands:/home/ros/ros2_ws/install/vision_sorting/lib/python3.12/site-packages:${PYTHONPATH} /usr/bin/python3 -W ignore:setup.py install is deprecated -W ignore:easy_install command is deprecated setup.py egg_info --egg-base ../../build/vision_sorting build --build-base /home/ros/ros2_ws/build/vision_sorting/build install --record /home/ros/ros2_ws/build/vision_sorting/install.log --single-version-externally-managed install_data
[3.279s] running egg_info
[3.321s] writing ../../build/vision_sorting/vision_sorting.egg-info/PKG-INFO
[3.324s] writing dependency_links to ../../build/vision_sorting/vision_sorting.egg-info/dependency_links.txt
[3.324s] writing entry points to ../../build/vision_sorting/vision_sorting.egg-info/entry_points.txt
[3.324s] writing requirements to ../../build/vision_sorting/vision_sorting.egg-info/requires.txt
[3.325s] writing top-level names to ../../build/vision_sorting/vision_sorting.egg-info/top_level.txt
[3.398s] reading manifest file '../../build/vision_sorting/vision_sorting.egg-info/SOURCES.txt'
[3.400s] adding license file 'LICENSE'
[3.401s] writing manifest file '../../build/vision_sorting/vision_sorting.egg-info/SOURCES.txt'
[3.401s] running build
[3.401s] running build_py
[3.403s] running install
[3.414s] running install_lib
[3.457s] running install_data
[3.458s] running install_egg_info
[3.528s] removing '/home/ros/ros2_ws/install/vision_sorting/lib/python3.12/site-packages/vision_sorting-0.0.0-py3.12.egg-info' (and everything under it)
[3.529s] Copying ../../build/vision_sorting/vision_sorting.egg-info to /home/ros/ros2_ws/install/vision_sorting/lib/python3.12/site-packages/vision_sorting-0.0.0-py3.12.egg-info
[3.533s] running install_scripts
[3.820s] Installing image_publisher script to /home/ros/ros2_ws/install/vision_sorting/lib/vision_sorting
[3.821s] Installing image_subscriber script to /home/ros/ros2_ws/install/vision_sorting/lib/vision_sorting
[3.822s] Installing test_node script to /home/ros/ros2_ws/install/vision_sorting/lib/vision_sorting
[3.823s] Installing vision_node script to /home/ros/ros2_ws/install/vision_sorting/lib/vision_sorting
[3.824s] writing list of installed files to '/home/ros/ros2_ws/build/vision_sorting/install.log'
[3.890s] Invoked command in '/home/ros/ros2_ws/src/vision_sorting' returned '0': DEBUGINFOD_URLS=https://debuginfod.ubuntu.com PYTHONPATH=/home/ros/ros2_ws/build/vision_sorting/prefix_override:/usr/lib/python3/dist-packages/colcon_core/task/python/colcon_distutils_commands:/home/ros/ros2_ws/install/vision_sorting/lib/python3.12/site-packages:${PYTHONPATH} /usr/bin/python3 -W ignore:setup.py install is deprecated -W ignore:easy_install command is deprecated setup.py egg_info --egg-base ../../build/vision_sorting build --build-base /home/ros/ros2_ws/build/vision_sorting/build install --record /home/ros/ros2_ws/build/vision_sorting/install.log --single-version-externally-managed install_data
