[2.549s] Invoking command in '/home/ros/ros2_ws/src/vision_sorting': DEBUGINFOD_URLS=https://debuginfod.ubuntu.com PYTHONPATH=/home/ros/ros2_ws/build/vision_sorting/prefix_override:/usr/lib/python3/dist-packages/colcon_core/task/python/colcon_distutils_commands:/home/ros/ros2_ws/install/vision_sorting/lib/python3.12/site-packages:${PYTHONPATH} /usr/bin/python3 -W ignore:setup.py install is deprecated -W ignore:easy_install command is deprecated setup.py egg_info --egg-base ../../build/vision_sorting build --build-base /home/ros/ros2_ws/build/vision_sorting/build install --record /home/ros/ros2_ws/build/vision_sorting/install.log --single-version-externally-managed install_data
[3.171s] running egg_info
[3.215s] writing ../../build/vision_sorting/vision_sorting.egg-info/PKG-INFO
[3.218s] writing dependency_links to ../../build/vision_sorting/vision_sorting.egg-info/dependency_links.txt
[3.219s] writing entry points to ../../build/vision_sorting/vision_sorting.egg-info/entry_points.txt
[3.220s] writing requirements to ../../build/vision_sorting/vision_sorting.egg-info/requires.txt
[3.221s] writing top-level names to ../../build/vision_sorting/vision_sorting.egg-info/top_level.txt
[3.320s] reading manifest file '../../build/vision_sorting/vision_sorting.egg-info/SOURCES.txt'
[3.321s] adding license file 'LICENSE'
[3.322s] writing manifest file '../../build/vision_sorting/vision_sorting.egg-info/SOURCES.txt'
[3.323s] running build
[3.323s] running build_py
[3.328s] copying vision_sorting/target_3d_estimator.py -> /home/ros/ros2_ws/build/vision_sorting/build/lib/vision_sorting
[3.330s] running install
[3.346s] running install_lib
[3.408s] copying /home/ros/ros2_ws/build/vision_sorting/build/lib/vision_sorting/target_3d_estimator.py -> /home/ros/ros2_ws/install/vision_sorting/lib/python3.12/site-packages/vision_sorting
[3.409s] byte-compiling /home/ros/ros2_ws/install/vision_sorting/lib/python3.12/site-packages/vision_sorting/target_3d_estimator.py to target_3d_estimator.cpython-312.pyc
[3.418s] running install_data
[3.419s] running install_egg_info
[3.466s] removing '/home/ros/ros2_ws/install/vision_sorting/lib/python3.12/site-packages/vision_sorting-0.0.0-py3.12.egg-info' (and everything under it)
[3.467s] Copying ../../build/vision_sorting/vision_sorting.egg-info to /home/ros/ros2_ws/install/vision_sorting/lib/python3.12/site-packages/vision_sorting-0.0.0-py3.12.egg-info
[3.471s] running install_scripts
[3.740s] Installing detection_listener script to /home/ros/ros2_ws/install/vision_sorting/lib/vision_sorting
[3.741s] Installing image_publisher script to /home/ros/ros2_ws/install/vision_sorting/lib/vision_sorting
[3.741s] Installing image_subscriber script to /home/ros/ros2_ws/install/vision_sorting/lib/vision_sorting
[3.742s] Installing target_3d_estimator script to /home/ros/ros2_ws/install/vision_sorting/lib/vision_sorting
[3.742s] Installing target_selector script to /home/ros/ros2_ws/install/vision_sorting/lib/vision_sorting
[3.743s] Installing test_node script to /home/ros/ros2_ws/install/vision_sorting/lib/vision_sorting
[3.743s] Installing vision_node script to /home/ros/ros2_ws/install/vision_sorting/lib/vision_sorting
[3.743s] writing list of installed files to '/home/ros/ros2_ws/build/vision_sorting/install.log'
[3.815s] Invoked command in '/home/ros/ros2_ws/src/vision_sorting' returned '0': DEBUGINFOD_URLS=https://debuginfod.ubuntu.com PYTHONPATH=/home/ros/ros2_ws/build/vision_sorting/prefix_override:/usr/lib/python3/dist-packages/colcon_core/task/python/colcon_distutils_commands:/home/ros/ros2_ws/install/vision_sorting/lib/python3.12/site-packages:${PYTHONPATH} /usr/bin/python3 -W ignore:setup.py install is deprecated -W ignore:easy_install command is deprecated setup.py egg_info --egg-base ../../build/vision_sorting build --build-base /home/ros/ros2_ws/build/vision_sorting/build install --record /home/ros/ros2_ws/build/vision_sorting/install.log --single-version-externally-managed install_data
